Setting log file to results/bp_diploma_scenario2__2023_05_14_18_28_28/copt.log
Model fingerprint: 75e7a6cc

Using Cardinal Optimizer v6.5.3 on Windows
Hardware has 10 cores and 16 threads. Using instruction set X86_AVX2 (10)
Minimizing a MIP problem

The original problem has:
    11747 rows, 10756 columns and 54597 non-zero elements
    1008 binaries

Presolving the problem

The presolved problem has:
    3615 rows, 3240 columns and 16653 non-zero elements
    423 binaries

Starting the MIP solver with 16 threads and 32 tasks

     Nodes    Active  LPit/n  IntInf     BestBound  BestSolution    Gap   Time
         0         1      --       0 -6.780323e+08            --    Inf  0.17s
H        0         1      --       0 -6.780323e+08  7.650329e+07 111.3%  0.20s
         0         1      --     185  8.008939e+06  7.650329e+07  89.5%  0.40s
H        0         1      --     185  8.008939e+06  1.079121e+07  25.8%  0.59s
         0         1      --     185  8.008939e+06  1.079121e+07  25.8%  0.59s
         0         1      --     105  8.008939e+06  1.079121e+07  25.8%  0.67s
         0         1      --      93  8.008939e+06  1.079121e+07  25.8%  0.77s
         0         1      --      81  8.008939e+06  1.079121e+07  25.8%  0.88s
         0         1      --      73  8.008939e+06  1.079121e+07  25.8%  0.94s
         0         1      --     113  8.008939e+06  1.079121e+07  25.8%  1.07s
         0         1      --      79  8.008939e+06  1.079121e+07  25.8%  1.18s
         0         1      --      91  8.008939e+06  1.079121e+07  25.8%  1.25s
         0         1      --      92  8.008939e+06  1.079121e+07  25.8%  1.41s
         0         1      --      88  8.008939e+06  1.079121e+07  25.8%  1.47s
         0         1      --      92  8.008939e+06  1.079121e+07  25.8%  1.57s

     Nodes    Active  LPit/n  IntInf     BestBound  BestSolution    Gap   Time
         0         1      --      95  8.008939e+06  1.079121e+07  25.8%  1.62s
         0         1      --      85  8.008939e+06  1.079121e+07  25.8%  1.75s
         0         1      --      80  8.008939e+06  1.079121e+07  25.8%  1.89s
         0         1      --      82  8.008939e+06  1.079121e+07  25.8%  1.93s
         0         1      --      82  8.008939e+06  1.079121e+07  25.8%  2.10s
         0         1      --     103  8.009024e+06  1.079121e+07  25.8%  2.29s
         0         1      --     133  8.009052e+06  1.079121e+07  25.8%  2.40s
         0         1      --     146  8.009071e+06  1.079121e+07  25.8%  2.53s
         0         1      --      94  8.009072e+06  1.079121e+07  25.8%  2.67s
         1         2   22819      94  8.009072e+06  1.079121e+07  25.8%  2.85s
         2         2   12188     110  8.011154e+06  1.079121e+07  25.8%  3.40s
         3         4    8479      81  8.011154e+06  1.079121e+07  25.8%  3.40s
         4         2    6817     107  8.012784e+06  1.079121e+07  25.7%  4.23s
         5         4    5596      78  8.012784e+06  1.079121e+07  25.7%  4.23s
         6         6    4861      86  8.012784e+06  1.079121e+07  25.7%  4.23s

     Nodes    Active  LPit/n  IntInf     BestBound  BestSolution    Gap   Time
         7         8    4356      59  8.012784e+06  1.079121e+07  25.7%  4.23s
         8         2    3874      87  8.012784e+06  1.079121e+07  25.7%  4.99s
         9         4    3573      65  8.012784e+06  1.079121e+07  25.7%  4.99s
        10         6    3314      56  8.012784e+06  1.079121e+07  25.7%  4.99s
        20        10    2125      38  8.012784e+06  1.079121e+07  25.7%  6.19s
H       30        28    1725      54  8.012784e+06  1.071377e+07  25.2%  6.19s
        30        30    1733      54  8.012784e+06  1.071377e+07  25.2%  6.19s
        40        18    1734     110  8.012841e+06  1.071377e+07  25.2%  7.81s
        50        38    1694      91  8.012841e+06  1.071377e+07  25.2%  7.81s
        60        58    1678     100  8.012841e+06  1.071377e+07  25.2%  7.81s
        70        46    1541      58  8.012841e+06  1.071377e+07  25.2%  8.94s
        80        66    1473      36  8.012841e+06  1.071377e+07  25.2%  8.94s
        90        86    1434      93  8.012841e+06  1.071377e+07  25.2%  8.94s
       100        74    1334      52  8.012841e+06  1.071377e+07  25.2%  9.81s
       110        94    1236      50  8.012841e+06  1.071377e+07  25.2%  9.81s

     Nodes    Active  LPit/n  IntInf     BestBound  BestSolution    Gap   Time
       120       114    1164      54  8.012841e+06  1.071377e+07  25.2%  9.81s
       130       102    1103      50  8.012841e+06  1.071377e+07  25.2% 10.62s
       140       122    1088      47  8.012841e+06  1.071377e+07  25.2% 10.62s
       150       142    1075      59  8.012841e+06  1.071377e+07  25.2% 10.62s
       160       130    1040      37  8.012841e+06  1.071377e+07  25.2% 10.99s
       170       150   998.4      31  8.012841e+06  1.071377e+07  25.2% 10.99s
       180       170   973.2      49  8.012841e+06  1.071377e+07  25.2% 10.99s
       190       190   945.2      60  8.012841e+06  1.071377e+07  25.2% 10.99s
       200       178   936.6      72  8.012841e+06  1.071377e+07  25.2% 11.47s
       300       282   866.4      28  8.012841e+06  1.071377e+07  25.2% 12.41s
       400       386   833.8      43  8.012841e+06  1.071377e+07  25.2% 13.50s
       500       490   732.9      12  8.012841e+06  1.071377e+07  25.2% 14.00s
H      513       482   720.5      45  8.012841e+06  8.024840e+06  0.15% 14.54s
H      515       484   718.8      55  8.012841e+06  8.013969e+06  0.01% 14.54s
H      522       486   712.5      19  8.012841e+06  8.013666e+06  0.01% 14.54s

     Nodes    Active  LPit/n  IntInf     BestBound  BestSolution    Gap   Time
H      526       488   708.8       7  8.012841e+06  8.013596e+06  0.01% 14.54s
H      540       492   703.3       7  8.012841e+06  8.013596e+06  0.01% 14.54s
H      564        14   780.0      37  8.012961e+06  8.013546e+06  0.01% 19.94s
H      565        16   779.9      71  8.012961e+06  8.013521e+06  0.01% 19.94s
H      568        22   779.0      79  8.012961e+06  8.013511e+06  0.01% 19.94s
       600        20   790.2      90  8.012963e+06  8.013511e+06  0.01% 20.96s
       700       122   808.1      97  8.012963e+06  8.013511e+06  0.01% 22.28s
       800       200   808.2      24  8.012963e+06  8.013511e+06  0.01% 25.90s
       900       295   810.0      88  8.012963e+06  8.013511e+06  0.01% 27.02s
      1000       399   794.6      52  8.012963e+06  8.013511e+06  0.01% 27.84s
      1100       471   770.7      48  8.012963e+06  8.013511e+06  0.01% 28.88s
H     1180       565   743.9      22  8.012963e+06  8.013292e+06  0.00% 31.51s
      1200       543   738.0      40  8.012963e+06  8.013292e+06  0.00% 31.74s
H     1210       559   734.0      34  8.012963e+06  8.013067e+06  0.00% 31.74s
H     1216       567   731.8      33  8.012963e+06  8.013052e+06  0.00% 31.74s

     Nodes    Active  LPit/n  IntInf     BestBound  BestSolution    Gap   Time
H     1237       345   729.2      22  8.012985e+06  8.013046e+06  0.00% 32.10s
      1300       283   730.5      40  8.012987e+06  8.013046e+06  0.00% 32.74s
      1400       339   714.6      35  8.012990e+06  8.013046e+06  0.00% 33.80s
      1500       377   686.6      31  8.013005e+06  8.013046e+06  0.00% 34.56s
      1600       339   669.0      70  8.013005e+06  8.013046e+06  0.00% 35.30s
      1700       387   662.7      43  8.013005e+06  8.013046e+06  0.00% 36.02s
      1800       408   653.0      63  8.013005e+06  8.013046e+06  0.00% 36.77s
      1900       445   640.7      54  8.013005e+06  8.013046e+06  0.00% 37.60s
H     1988       533   633.9      26  8.013005e+06  8.013044e+06  0.00% 37.99s
      2000       517   632.3      64  8.013005e+06  8.013044e+06  0.00% 38.19s
H     2155       558   622.5      57  8.013005e+06  8.013041e+06  0.00% 40.26s
H     2262       456   606.3      13  8.013005e+06  8.013040e+06  0.00% 40.90s
H     2275       473   604.4       5  8.013005e+06  8.013039e+06  0.00% 40.90s
H     2418       308   583.9      30  8.013014e+06  8.013038e+06  0.00% 41.96s
H     2478       292   576.5       7  8.013015e+06  8.013038e+06  0.00% 42.36s

     Nodes    Active  LPit/n  IntInf     BestBound  BestSolution    Gap   Time
      3000        87   518.6      64  8.013023e+06  8.013038e+06  0.00% 45.27s
      3278         0   492.3      11  8.013038e+06  8.013038e+06  0.00% 46.67s

Best solution   : 8013038.113701086
Best bound      : 8013038.113701008
Best gap        : 0.0000%
Solve time      : 46.67
Solve node      : 3278
MIP status      : solved
Solution status : integer optimal (relative gap limit 0)

Violations      :     absolute     relative
  bounds        :  4.83169e-11  4.83169e-11
  rows          :  1.44347e-09  1.44347e-09
  integrality   :            0
Writing solutions to C:\Users\F1mK0\PycharmProjects\copt_env\results\bp_diploma_scenario2__2023_05_14_18_28_28\bp_diploma_scenario2_result.sol
