Setting log file to results/bp_diploma_scenario1__2023_05_14_18_24_33/copt.log
Model fingerprint: 84c9e77b

Using Cardinal Optimizer v6.5.3 on Windows
Hardware has 10 cores and 16 threads. Using instruction set X86_AVX2 (10)
Minimizing a MIP problem

The original problem has:
    11711 rows, 10756 columns and 54813 non-zero elements
    1008 binaries

Presolving the problem

The presolved problem has:
    3651 rows, 3312 columns and 17229 non-zero elements
    423 binaries

Starting the MIP solver with 16 threads and 32 tasks

     Nodes    Active  LPit/n  IntInf     BestBound  BestSolution    Gap   Time
         0         1      --       0 -7.043602e+08            --    Inf  0.17s
H        0         1      --       0 -7.043602e+08  9.349810e+07 113.3%  0.20s
         0         1      --     225 -6.027242e-03  9.349810e+07 100.0%  0.37s
H        0         1      --     225 -6.027242e-03  8.219504e+07 100.0%  0.46s
         0         1      --     225 -6.027242e-03  8.219504e+07 100.0%  0.46s
         0         1      --     108 -6.026691e-03  8.219504e+07 100.0%  0.58s
         0         1      --      91 -6.026691e-03  8.219504e+07 100.0%  0.69s
         0         1      --      88 -6.026691e-03  8.219504e+07 100.0%  0.83s
         0         1      --      56 -6.025163e-03  8.219504e+07 100.0%  0.93s
         0         1      --      63 -6.023427e-03  8.219504e+07 100.0%  1.01s
         0         1      --      84 -6.021325e-03  8.219504e+07 100.0%  1.09s
         0         1      --      83 -6.021325e-03  8.219504e+07 100.0%  1.23s
         0         1      --      88 -6.021325e-03  8.219504e+07 100.0%  1.34s
         0         1      --      74 -6.021325e-03  8.219504e+07 100.0%  1.51s
         0         1      --      62 -6.017022e-03  8.219504e+07 100.0%  1.60s

     Nodes    Active  LPit/n  IntInf     BestBound  BestSolution    Gap   Time
         0         1      --      31 -6.016415e-03  8.219504e+07 100.0%  1.75s
         0         1      --      33 -6.015616e-03  8.219504e+07 100.0%  1.76s
         0         1      --      41 -6.015616e-03  8.219504e+07 100.0%  1.78s
         0         1      --      37 -6.012699e-03  8.219504e+07 100.0%  1.79s
         0         1      --      35 -6.012699e-03  8.219504e+07 100.0%  1.81s
         0         1      --      35 -6.012699e-03  8.219504e+07 100.0%  1.82s
         0         1      --      28 -6.012699e-03  8.219504e+07 100.0%  1.83s
         0         1      --      26 -6.012699e-03  8.219504e+07 100.0%  1.85s
         0         1      --      64 -6.012699e-03  8.219504e+07 100.0%  2.05s
         0         1      --      77 -6.012699e-03  8.219504e+07 100.0%  2.14s
         0         1      --      67 -6.012699e-03  8.219504e+07 100.0%  2.30s
H        0         0      --      67 -6.012699e-03  7.613254e+07 100.0%  2.49s
         1         2   23488      67 -6.012699e-03  7.613254e+07 100.0%  2.49s
         2         2   11748      60 -6.012699e-03  7.613254e+07 100.0%  2.76s
         3         4    8162      70 -6.012699e-03  7.613254e+07 100.0%  2.76s

     Nodes    Active  LPit/n  IntInf     BestBound  BestSolution    Gap   Time
         4         2    6621      74 -6.012699e-03  7.613254e+07 100.0%  3.12s
         5         4    5311      74 -6.012699e-03  7.613254e+07 100.0%  3.12s
         6         6    4638      45 -6.012699e-03  7.613254e+07 100.0%  3.12s
         7         8    4142      54 -6.012699e-03  7.613254e+07 100.0%  3.12s
         8         2    3655      67 -6.012699e-03  7.613254e+07 100.0%  3.55s
         9         4    3383      39 -6.012699e-03  7.613254e+07 100.0%  3.55s
        10         6    3156      33 -6.012699e-03  7.613254e+07 100.0%  3.56s
        20        10    1979      41 -6.012699e-03  7.613254e+07 100.0%  4.51s
        30        30    1720      28 -6.012699e-03  7.613254e+07 100.0%  4.51s
        40        18    1481      95 -6.012699e-03  7.613254e+07 100.0%  5.32s
        50        38    1278      26 -6.012699e-03  7.613254e+07 100.0%  5.32s
        60        58    1180      43 -6.012699e-03  7.613254e+07 100.0%  5.32s
        70        46    1084      37 -6.012699e-03  7.613254e+07 100.0%  5.91s
        80        66    1030      64 -6.012699e-03  7.613254e+07 100.0%  5.91s
        90        86   959.6      48 -6.012699e-03  7.613254e+07 100.0%  5.91s

     Nodes    Active  LPit/n  IntInf     BestBound  BestSolution    Gap   Time
       100        74   909.9      37 -6.012699e-03  7.613254e+07 100.0%  6.24s
       110        94   866.4      33 -6.012699e-03  7.613254e+07 100.0%  6.24s
       120       114   838.8      63 -6.012699e-03  7.613254e+07 100.0%  6.24s
       130       102   829.9      45 -6.012699e-03  7.613254e+07 100.0%  6.51s
       140       122   816.4      22 -6.012699e-03  7.613254e+07 100.0%  6.52s
       150       142   784.9      20 -6.012699e-03  7.613254e+07 100.0%  6.52s
       160       130   751.0      14 -6.012699e-03  7.613254e+07 100.0%  6.72s
       170       150   735.3      66 -6.012699e-03  7.613254e+07 100.0%  6.73s
       180       170   715.8      47 -6.012699e-03  7.613254e+07 100.0%  6.73s
       190       190   699.0      17 -6.012699e-03  7.613254e+07 100.0%  6.73s
       200       178   693.2      16 -6.012699e-03  7.613254e+07 100.0%  7.07s
H      237       218   665.0       3 -6.012699e-03  1.911264e+04 100.0%  7.27s
       300       110   626.7      56 -6.011151e-03  1.911264e+04 100.0%  7.96s
H      309       126   616.5      14 -6.011151e-03  1.545107e+04 100.0%  7.96s
H      325       107   612.1      28 -6.011151e-03  1.162848e+04 100.0%  8.28s

     Nodes    Active  LPit/n  IntInf     BestBound  BestSolution    Gap   Time
*      355       133   587.0       0 -6.025938e-03 -6.025938e-03  0.00%  8.65s
       383         0   592.1      20 -6.025938e-03 -6.025938e-03  0.00%  8.65s

Best solution   : -0.006025926
Best bound      : -0.006025938
Best gap        : 0.0000%
Solve time      : 8.65
Solve node      : 383
MIP status      : solved
Solution status : integer optimal (relative gap limit 0)

Violations      :     absolute     relative
  bounds        :  2.91607e-11  2.91607e-11
  rows          :  7.37133e-10  7.37133e-10
  integrality   :            0
Writing solutions to C:\Users\F1mK0\PycharmProjects\copt_env\results\bp_diploma_scenario1__2023_05_14_18_24_33\bp_diploma_scenario1_result.sol
